{"C:\\Users\\11851\\Desktop\\test\\src\\a.js":{"path":"C:\\Users\\11851\\Desktop\\test\\src\\a.js","s":{"1":1,"2":1,"3":0,"4":1},"b":{"1":[0,1]},"f":{},"fnMap":{},"statementMap":{"1":{"start":{"line":1,"column":0},"end":{"line":1,"column":10}},"2":{"start":{"line":2,"column":0},"end":{"line":6,"column":1}},"3":{"start":{"line":3,"column":4},"end":{"line":3,"column":19}},"4":{"start":{"line":5,"column":4},"end":{"line":5,"column":19}}},"branchMap":{"1":{"line":2,"type":"if","locations":[{"start":{"line":2,"column":0},"end":{"line":2,"column":0}},{"start":{"line":2,"column":0},"end":{"line":2,"column":0}}]}}}}